
> backend@1.0.0 start
> node app.js

Fri, 21 Feb 2025 14:40:36 GMT express:application set "x-powered-by" to true
Fri, 21 Feb 2025 14:40:36 GMT express:application set "etag" to 'weak'
Fri, 21 Feb 2025 14:40:36 GMT express:application set "etag fn" to [Function: generateETag]
Fri, 21 Feb 2025 14:40:36 GMT express:application set "env" to 'development'
Fri, 21 Feb 2025 14:40:36 GMT express:application set "query parser" to 'extended'
Fri, 21 Feb 2025 14:40:36 GMT express:application set "query parser fn" to [Function: parseExtendedQueryString]
Fri, 21 Feb 2025 14:40:36 GMT express:application set "subdomain offset" to 2
Fri, 21 Feb 2025 14:40:36 GMT express:application set "trust proxy" to false
Fri, 21 Feb 2025 14:40:36 GMT express:application set "trust proxy fn" to [Function: trustNone]
Fri, 21 Feb 2025 14:40:36 GMT express:application booting in development mode
Fri, 21 Feb 2025 14:40:36 GMT express:application set "view" to [Function: View]
Fri, 21 Feb 2025 14:40:36 GMT express:application set "views" to '/home/zhentao_fan/InsightPodcast/backend/views'
Fri, 21 Feb 2025 14:40:36 GMT express:application set "jsonp callback name" to 'callback'
Fri, 21 Feb 2025 14:40:36 GMT express:router:route new '/'
Fri, 21 Feb 2025 14:40:36 GMT express:router:layer new '/'
Fri, 21 Feb 2025 14:40:36 GMT express:router:route post '/'
Fri, 21 Feb 2025 14:40:36 GMT express:router:layer new '/'
Fri, 21 Feb 2025 14:40:36 GMT express:router:route post '/'
Fri, 21 Feb 2025 14:40:36 GMT express:router:layer new '/'
Fri, 21 Feb 2025 14:40:36 GMT express:router use '/' <anonymous>
Fri, 21 Feb 2025 14:40:36 GMT express:router:layer new '/'
Fri, 21 Feb 2025 14:40:36 GMT express:router use '/' query
Fri, 21 Feb 2025 14:40:36 GMT express:router:layer new '/'
Fri, 21 Feb 2025 14:40:36 GMT express:router use '/' expressInit
Fri, 21 Feb 2025 14:40:36 GMT express:router:layer new '/'
Fri, 21 Feb 2025 14:40:36 GMT express:router use '/audio' serveStatic
Fri, 21 Feb 2025 14:40:36 GMT express:router:layer new '/audio'
Fri, 21 Feb 2025 14:40:36 GMT express:router use '/' corsMiddleware
Fri, 21 Feb 2025 14:40:36 GMT express:router:layer new '/'
Running in mode: development
Upload directory: ./src/storage/uploads
Fri, 21 Feb 2025 14:40:36 GMT express:router use '/' jsonParser
Fri, 21 Feb 2025 14:40:36 GMT express:router:layer new '/'
Fri, 21 Feb 2025 14:40:36 GMT express:router use '/' urlencodedParser
Fri, 21 Feb 2025 14:40:36 GMT express:router:layer new '/'
Fri, 21 Feb 2025 14:40:36 GMT express:router use '/api/upload' router
Fri, 21 Feb 2025 14:40:36 GMT express:router:layer new '/api/upload'
Fri, 21 Feb 2025 14:40:36 GMT express:router:route new '/api/chat'
Fri, 21 Feb 2025 14:40:36 GMT express:router:layer new '/api/chat'
Fri, 21 Feb 2025 14:40:36 GMT express:router:route post '/api/chat'
Fri, 21 Feb 2025 14:40:36 GMT express:router:layer new '/'
Fri, 21 Feb 2025 14:40:36 GMT express:router:route new '/api/searchStatus/:jobId'
Fri, 21 Feb 2025 14:40:36 GMT express:router:layer new '/api/searchStatus/:jobId'
Fri, 21 Feb 2025 14:40:36 GMT express:router:route get '/api/searchStatus/:jobId'
Fri, 21 Feb 2025 14:40:36 GMT express:router:layer new '/'
Fri, 21 Feb 2025 14:40:36 GMT express:router:route new '/api/status/:jobId'
Fri, 21 Feb 2025 14:40:36 GMT express:router:layer new '/api/status/:jobId'
Fri, 21 Feb 2025 14:40:36 GMT express:router:route get '/api/status/:jobId'
Fri, 21 Feb 2025 14:40:36 GMT express:router:layer new '/'
Fri, 21 Feb 2025 14:40:36 GMT express:router:route new '/api/history'
Fri, 21 Feb 2025 14:40:36 GMT express:router:layer new '/api/history'
Fri, 21 Feb 2025 14:40:36 GMT express:router:route get '/api/history'
Fri, 21 Feb 2025 14:40:36 GMT express:router:layer new '/'
Fri, 21 Feb 2025 14:40:36 GMT express:router:route new '/health'
Fri, 21 Feb 2025 14:40:36 GMT express:router:layer new '/health'
Fri, 21 Feb 2025 14:40:36 GMT express:router:route get '/health'
Fri, 21 Feb 2025 14:40:36 GMT express:router:layer new '/'
Fri, 21 Feb 2025 14:40:36 GMT express:router use '/' <anonymous>
Fri, 21 Feb 2025 14:40:36 GMT express:router:layer new '/'
Server running on http://34.136.107.51:3000
Fri, 21 Feb 2025 14:40:45 GMT express:router dispatching GET /api/history
Fri, 21 Feb 2025 14:40:45 GMT express:router query  : /api/history
Fri, 21 Feb 2025 14:40:45 GMT express:router expressInit  : /api/history
Fri, 21 Feb 2025 14:40:45 GMT express:router corsMiddleware  : /api/history
Fri, 21 Feb 2025 14:40:45 GMT express:router jsonParser  : /api/history
Fri, 21 Feb 2025 14:40:45 GMT express:router urlencodedParser  : /api/history
[
  Job {
    opts: {
      attempts: 1,
      backoff: [Object],
      delay: 0,
      timestamp: 1740107590748
    },
    name: 'f4fec2cc-11eb-4656-8fb3-a42be0fc3bc9',
    queue: Queue {
      defaultJobOptions: [Object],
      name: 'pdfToPodcast',
      token: 'bc81111a-6ff9-4d26-a2b8-56321f460c6f',
      keyPrefix: 'bull',
      clients: [Array],
      clientInitialized: true,
      _events: [Object: null prototype],
      _eventsCount: 2,
      _initializing: [Promise],
      handlers: {},
      processing: [],
      retrieving: 0,
      drained: true,
      settings: [Object],
      metrics: undefined,
      timers: [TimerManager],
      moveUnlockedJobsToWait: [Function: bound ],
      processJob: [Function: bound ],
      getJobFromId: [Function: bound ] AsyncFunction,
      keys: [Object]
    },
    data: {
      jobId: 'f4fec2cc-11eb-4656-8fb3-a42be0fc3bc9',
      pdfPath: 'src/storage/uploads/01ea3c05-6260-4a67-9503-a04b985c3674.pdf'
    },
    _progress: 100,
    delay: 0,
    timestamp: 1740107590748,
    stacktrace: [],
    returnvalue: {
      status: 'completed',
      audioUrl: '/audio/f4fec2cc-11eb-4656-8fb3-a42be0fc3bc9.mp3',
      fileSize: 2044365
    },
    attemptsMade: 0,
    toKey: [Function: wrapper],
    debounceId: undefined,
    id: '9',
    finishedOn: 1740107676917,
    processedOn: 1740107591809,
    failedReason: undefined
  },
  Job {
    opts: {
      attempts: 1,
      backoff: [Object],
      delay: 0,
      timestamp: 1740107243433
    },
    name: '3938da37-e815-4e5a-b5c4-c6f3dc84a7c7',
    queue: Queue {
      defaultJobOptions: [Object],
      name: 'pdfToPodcast',
      token: 'bc81111a-6ff9-4d26-a2b8-56321f460c6f',
      keyPrefix: 'bull',
      clients: [Array],
      clientInitialized: true,
      _events: [Object: null prototype],
      _eventsCount: 2,
      _initializing: [Promise],
      handlers: {},
      processing: [],
      retrieving: 0,
      drained: true,
      settings: [Object],
      metrics: undefined,
      timers: [TimerManager],
      moveUnlockedJobsToWait: [Function: bound ],
      processJob: [Function: bound ],
      getJobFromId: [Function: bound ] AsyncFunction,
      keys: [Object]
    },
    data: {
      jobId: '3938da37-e815-4e5a-b5c4-c6f3dc84a7c7',
      pdfPath: 'src/storage/uploads/1ec2bb99-c8b0-45c7-9e74-a39360a28fa8.pdf'
    },
    _progress: 100,
    delay: 0,
    timestamp: 1740107243433,
    stacktrace: [],
    returnvalue: {
      status: 'completed',
      audioUrl: '/audio/3938da37-e815-4e5a-b5c4-c6f3dc84a7c7.mp3',
      fileSize: 2465325
    },
    attemptsMade: 0,
    toKey: [Function: wrapper],
    debounceId: undefined,
    id: '8',
    finishedOn: 1740107308856,
    processedOn: 1740107245814,
    failedReason: undefined
  },
  Job {
    opts: {
      attempts: 1,
      backoff: [Object],
      delay: 0,
      timestamp: 1740106754543
    },
    name: '777d57c9-421b-41de-8fdd-9d71a60e5323',
    queue: Queue {
      defaultJobOptions: [Object],
      name: 'pdfToPodcast',
      token: 'bc81111a-6ff9-4d26-a2b8-56321f460c6f',
      keyPrefix: 'bull',
      clients: [Array],
      clientInitialized: true,
      _events: [Object: null prototype],
      _eventsCount: 2,
      _initializing: [Promise],
      handlers: {},
      processing: [],
      retrieving: 0,
      drained: true,
      settings: [Object],
      metrics: undefined,
      timers: [TimerManager],
      moveUnlockedJobsToWait: [Function: bound ],
      processJob: [Function: bound ],
      getJobFromId: [Function: bound ] AsyncFunction,
      keys: [Object]
    },
    data: {
      jobId: '777d57c9-421b-41de-8fdd-9d71a60e5323',
      pdfPath: 'src/storage/uploads/bc941c15-8efc-44ff-9faf-648847913e9a.pdf'
    },
    _progress: 100,
    delay: 0,
    timestamp: 1740106754543,
    stacktrace: [],
    returnvalue: {
      status: 'completed',
      audioUrl: '/audio/777d57c9-421b-41de-8fdd-9d71a60e5323.mp3',
      fileSize: 2356557
    },
    attemptsMade: 0,
    toKey: [Function: wrapper],
    debounceId: undefined,
    id: '7',
    finishedOn: 1740106822341,
    processedOn: 1740106755276,
    failedReason: undefined
  }
]
Fri, 21 Feb 2025 14:40:45 GMT express:router dispatching GET /audio/f4fec2cc-11eb-4656-8fb3-a42be0fc3bc9.mp3
Fri, 21 Feb 2025 14:40:45 GMT express:router query  : /audio/f4fec2cc-11eb-4656-8fb3-a42be0fc3bc9.mp3
Fri, 21 Feb 2025 14:40:45 GMT express:router expressInit  : /audio/f4fec2cc-11eb-4656-8fb3-a42be0fc3bc9.mp3
Fri, 21 Feb 2025 14:40:45 GMT express:router trim prefix (/audio) from url /audio/f4fec2cc-11eb-4656-8fb3-a42be0fc3bc9.mp3
Fri, 21 Feb 2025 14:40:45 GMT express:router serveStatic /audio : /audio/f4fec2cc-11eb-4656-8fb3-a42be0fc3bc9.mp3
Fri, 21 Feb 2025 14:40:45 GMT express:router dispatching GET /audio/3938da37-e815-4e5a-b5c4-c6f3dc84a7c7.mp3
Fri, 21 Feb 2025 14:40:45 GMT express:router query  : /audio/3938da37-e815-4e5a-b5c4-c6f3dc84a7c7.mp3
Fri, 21 Feb 2025 14:40:45 GMT express:router expressInit  : /audio/3938da37-e815-4e5a-b5c4-c6f3dc84a7c7.mp3
Fri, 21 Feb 2025 14:40:45 GMT express:router trim prefix (/audio) from url /audio/3938da37-e815-4e5a-b5c4-c6f3dc84a7c7.mp3
Fri, 21 Feb 2025 14:40:45 GMT express:router serveStatic /audio : /audio/3938da37-e815-4e5a-b5c4-c6f3dc84a7c7.mp3
Fri, 21 Feb 2025 14:40:45 GMT express:router dispatching GET /audio/777d57c9-421b-41de-8fdd-9d71a60e5323.mp3
Fri, 21 Feb 2025 14:40:45 GMT express:router query  : /audio/777d57c9-421b-41de-8fdd-9d71a60e5323.mp3
Fri, 21 Feb 2025 14:40:45 GMT express:router expressInit  : /audio/777d57c9-421b-41de-8fdd-9d71a60e5323.mp3
Fri, 21 Feb 2025 14:40:45 GMT express:router trim prefix (/audio) from url /audio/777d57c9-421b-41de-8fdd-9d71a60e5323.mp3
Fri, 21 Feb 2025 14:40:45 GMT express:router serveStatic /audio : /audio/777d57c9-421b-41de-8fdd-9d71a60e5323.mp3
Fri, 21 Feb 2025 14:40:45 GMT express:router dispatching GET /audio/f4fec2cc-11eb-4656-8fb3-a42be0fc3bc9.mp3
Fri, 21 Feb 2025 14:40:45 GMT express:router query  : /audio/f4fec2cc-11eb-4656-8fb3-a42be0fc3bc9.mp3
Fri, 21 Feb 2025 14:40:45 GMT express:router expressInit  : /audio/f4fec2cc-11eb-4656-8fb3-a42be0fc3bc9.mp3
Fri, 21 Feb 2025 14:40:45 GMT express:router trim prefix (/audio) from url /audio/f4fec2cc-11eb-4656-8fb3-a42be0fc3bc9.mp3
Fri, 21 Feb 2025 14:40:45 GMT express:router serveStatic /audio : /audio/f4fec2cc-11eb-4656-8fb3-a42be0fc3bc9.mp3
Fri, 21 Feb 2025 14:40:45 GMT express:router dispatching GET /audio/777d57c9-421b-41de-8fdd-9d71a60e5323.mp3
Fri, 21 Feb 2025 14:40:45 GMT express:router query  : /audio/777d57c9-421b-41de-8fdd-9d71a60e5323.mp3
Fri, 21 Feb 2025 14:40:45 GMT express:router expressInit  : /audio/777d57c9-421b-41de-8fdd-9d71a60e5323.mp3
Fri, 21 Feb 2025 14:40:45 GMT express:router trim prefix (/audio) from url /audio/777d57c9-421b-41de-8fdd-9d71a60e5323.mp3
Fri, 21 Feb 2025 14:40:45 GMT express:router serveStatic /audio : /audio/777d57c9-421b-41de-8fdd-9d71a60e5323.mp3
Fri, 21 Feb 2025 14:40:47 GMT express:router dispatching GET /api/history
Fri, 21 Feb 2025 14:40:47 GMT express:router query  : /api/history
Fri, 21 Feb 2025 14:40:47 GMT express:router expressInit  : /api/history
Fri, 21 Feb 2025 14:40:47 GMT express:router corsMiddleware  : /api/history
Fri, 21 Feb 2025 14:40:47 GMT express:router jsonParser  : /api/history
Fri, 21 Feb 2025 14:40:47 GMT express:router urlencodedParser  : /api/history
[
  Job {
    opts: {
      attempts: 1,
      backoff: [Object],
      delay: 0,
      timestamp: 1740107590748
    },
    name: 'f4fec2cc-11eb-4656-8fb3-a42be0fc3bc9',
    queue: Queue {
      defaultJobOptions: [Object],
      name: 'pdfToPodcast',
      token: 'bc81111a-6ff9-4d26-a2b8-56321f460c6f',
      keyPrefix: 'bull',
      clients: [Array],
      clientInitialized: true,
      _events: [Object: null prototype],
      _eventsCount: 2,
      _initializing: [Promise],
      handlers: {},
      processing: [],
      retrieving: 0,
      drained: true,
      settings: [Object],
      metrics: undefined,
      timers: [TimerManager],
      moveUnlockedJobsToWait: [Function: bound ],
      processJob: [Function: bound ],
      getJobFromId: [Function: bound ] AsyncFunction,
      keys: [Object]
    },
    data: {
      jobId: 'f4fec2cc-11eb-4656-8fb3-a42be0fc3bc9',
      pdfPath: 'src/storage/uploads/01ea3c05-6260-4a67-9503-a04b985c3674.pdf'
    },
    _progress: 100,
    delay: 0,
    timestamp: 1740107590748,
    stacktrace: [],
    returnvalue: {
      status: 'completed',
      audioUrl: '/audio/f4fec2cc-11eb-4656-8fb3-a42be0fc3bc9.mp3',
      fileSize: 2044365
    },
    attemptsMade: 0,
    toKey: [Function: wrapper],
    debounceId: undefined,
    id: '9',
    finishedOn: 1740107676917,
    processedOn: 1740107591809,
    failedReason: undefined
  },
  Job {
    opts: {
      attempts: 1,
      backoff: [Object],
      delay: 0,
      timestamp: 1740107243433
    },
    name: '3938da37-e815-4e5a-b5c4-c6f3dc84a7c7',
    queue: Queue {
      defaultJobOptions: [Object],
      name: 'pdfToPodcast',
      token: 'bc81111a-6ff9-4d26-a2b8-56321f460c6f',
      keyPrefix: 'bull',
      clients: [Array],
      clientInitialized: true,
      _events: [Object: null prototype],
      _eventsCount: 2,
      _initializing: [Promise],
      handlers: {},
      processing: [],
      retrieving: 0,
      drained: true,
      settings: [Object],
      metrics: undefined,
      timers: [TimerManager],
      moveUnlockedJobsToWait: [Function: bound ],
      processJob: [Function: bound ],
      getJobFromId: [Function: bound ] AsyncFunction,
      keys: [Object]
    },
    data: {
      jobId: '3938da37-e815-4e5a-b5c4-c6f3dc84a7c7',
      pdfPath: 'src/storage/uploads/1ec2bb99-c8b0-45c7-9e74-a39360a28fa8.pdf'
    },
    _progress: 100,
    delay: 0,
    timestamp: 1740107243433,
    stacktrace: [],
    returnvalue: {
      status: 'completed',
      audioUrl: '/audio/3938da37-e815-4e5a-b5c4-c6f3dc84a7c7.mp3',
      fileSize: 2465325
    },
    attemptsMade: 0,
    toKey: [Function: wrapper],
    debounceId: undefined,
    id: '8',
    finishedOn: 1740107308856,
    processedOn: 1740107245814,
    failedReason: undefined
  },
  Job {
    opts: {
      attempts: 1,
      backoff: [Object],
      delay: 0,
      timestamp: 1740106754543
    },
    name: '777d57c9-421b-41de-8fdd-9d71a60e5323',
    queue: Queue {
      defaultJobOptions: [Object],
      name: 'pdfToPodcast',
      token: 'bc81111a-6ff9-4d26-a2b8-56321f460c6f',
      keyPrefix: 'bull',
      clients: [Array],
      clientInitialized: true,
      _events: [Object: null prototype],
      _eventsCount: 2,
      _initializing: [Promise],
      handlers: {},
      processing: [],
      retrieving: 0,
      drained: true,
      settings: [Object],
      metrics: undefined,
      timers: [TimerManager],
      moveUnlockedJobsToWait: [Function: bound ],
      processJob: [Function: bound ],
      getJobFromId: [Function: bound ] AsyncFunction,
      keys: [Object]
    },
    data: {
      jobId: '777d57c9-421b-41de-8fdd-9d71a60e5323',
      pdfPath: 'src/storage/uploads/bc941c15-8efc-44ff-9faf-648847913e9a.pdf'
    },
    _progress: 100,
    delay: 0,
    timestamp: 1740106754543,
    stacktrace: [],
    returnvalue: {
      status: 'completed',
      audioUrl: '/audio/777d57c9-421b-41de-8fdd-9d71a60e5323.mp3',
      fileSize: 2356557
    },
    attemptsMade: 0,
    toKey: [Function: wrapper],
    debounceId: undefined,
    id: '7',
    finishedOn: 1740106822341,
    processedOn: 1740106755276,
    failedReason: undefined
  }
]
Fri, 21 Feb 2025 14:57:37 GMT express:router dispatching GET /api/history
Fri, 21 Feb 2025 14:57:37 GMT express:router query  : /api/history
Fri, 21 Feb 2025 14:57:37 GMT express:router expressInit  : /api/history
Fri, 21 Feb 2025 14:57:37 GMT express:router corsMiddleware  : /api/history
Fri, 21 Feb 2025 14:57:37 GMT express:router jsonParser  : /api/history
Fri, 21 Feb 2025 14:57:37 GMT express:router urlencodedParser  : /api/history
[
  Job {
    opts: {
      attempts: 1,
      backoff: [Object],
      delay: 0,
      timestamp: 1740107590748
    },
    name: 'f4fec2cc-11eb-4656-8fb3-a42be0fc3bc9',
    queue: Queue {
      defaultJobOptions: [Object],
      name: 'pdfToPodcast',
      token: 'bc81111a-6ff9-4d26-a2b8-56321f460c6f',
      keyPrefix: 'bull',
      clients: [Array],
      clientInitialized: true,
      _events: [Object: null prototype],
      _eventsCount: 2,
      _initializing: [Promise],
      handlers: {},
      processing: [],
      retrieving: 0,
      drained: true,
      settings: [Object],
      metrics: undefined,
      timers: [TimerManager],
      moveUnlockedJobsToWait: [Function: bound ],
      processJob: [Function: bound ],
      getJobFromId: [Function: bound ] AsyncFunction,
      keys: [Object]
    },
    data: {
      jobId: 'f4fec2cc-11eb-4656-8fb3-a42be0fc3bc9',
      pdfPath: 'src/storage/uploads/01ea3c05-6260-4a67-9503-a04b985c3674.pdf'
    },
    _progress: 100,
    delay: 0,
    timestamp: 1740107590748,
    stacktrace: [],
    returnvalue: {
      status: 'completed',
      audioUrl: '/audio/f4fec2cc-11eb-4656-8fb3-a42be0fc3bc9.mp3',
      fileSize: 2044365
    },
    attemptsMade: 0,
    toKey: [Function: wrapper],
    debounceId: undefined,
    id: '9',
    finishedOn: 1740107676917,
    processedOn: 1740107591809,
    failedReason: undefined
  },
  Job {
    opts: {
      attempts: 1,
      backoff: [Object],
      delay: 0,
      timestamp: 1740107243433
    },
    name: '3938da37-e815-4e5a-b5c4-c6f3dc84a7c7',
    queue: Queue {
      defaultJobOptions: [Object],
      name: 'pdfToPodcast',
      token: 'bc81111a-6ff9-4d26-a2b8-56321f460c6f',
      keyPrefix: 'bull',
      clients: [Array],
      clientInitialized: true,
      _events: [Object: null prototype],
      _eventsCount: 2,
      _initializing: [Promise],
      handlers: {},
      processing: [],
      retrieving: 0,
      drained: true,
      settings: [Object],
      metrics: undefined,
      timers: [TimerManager],
      moveUnlockedJobsToWait: [Function: bound ],
      processJob: [Function: bound ],
      getJobFromId: [Function: bound ] AsyncFunction,
      keys: [Object]
    },
    data: {
      jobId: '3938da37-e815-4e5a-b5c4-c6f3dc84a7c7',
      pdfPath: 'src/storage/uploads/1ec2bb99-c8b0-45c7-9e74-a39360a28fa8.pdf'
    },
    _progress: 100,
    delay: 0,
    timestamp: 1740107243433,
    stacktrace: [],
    returnvalue: {
      status: 'completed',
      audioUrl: '/audio/3938da37-e815-4e5a-b5c4-c6f3dc84a7c7.mp3',
      fileSize: 2465325
    },
    attemptsMade: 0,
    toKey: [Function: wrapper],
    debounceId: undefined,
    id: '8',
    finishedOn: 1740107308856,
    processedOn: 1740107245814,
    failedReason: undefined
  },
  Job {
    opts: {
      attempts: 1,
      backoff: [Object],
      delay: 0,
      timestamp: 1740106754543
    },
    name: '777d57c9-421b-41de-8fdd-9d71a60e5323',
    queue: Queue {
      defaultJobOptions: [Object],
      name: 'pdfToPodcast',
      token: 'bc81111a-6ff9-4d26-a2b8-56321f460c6f',
      keyPrefix: 'bull',
      clients: [Array],
      clientInitialized: true,
      _events: [Object: null prototype],
      _eventsCount: 2,
      _initializing: [Promise],
      handlers: {},
      processing: [],
      retrieving: 0,
      drained: true,
      settings: [Object],
      metrics: undefined,
      timers: [TimerManager],
      moveUnlockedJobsToWait: [Function: bound ],
      processJob: [Function: bound ],
      getJobFromId: [Function: bound ] AsyncFunction,
      keys: [Object]
    },
    data: {
      jobId: '777d57c9-421b-41de-8fdd-9d71a60e5323',
      pdfPath: 'src/storage/uploads/bc941c15-8efc-44ff-9faf-648847913e9a.pdf'
    },
    _progress: 100,
    delay: 0,
    timestamp: 1740106754543,
    stacktrace: [],
    returnvalue: {
      status: 'completed',
      audioUrl: '/audio/777d57c9-421b-41de-8fdd-9d71a60e5323.mp3',
      fileSize: 2356557
    },
    attemptsMade: 0,
    toKey: [Function: wrapper],
    debounceId: undefined,
    id: '7',
    finishedOn: 1740106822341,
    processedOn: 1740106755276,
    failedReason: undefined
  }
]
Fri, 21 Feb 2025 14:57:37 GMT express:router dispatching GET /audio/f4fec2cc-11eb-4656-8fb3-a42be0fc3bc9.mp3
Fri, 21 Feb 2025 14:57:37 GMT express:router query  : /audio/f4fec2cc-11eb-4656-8fb3-a42be0fc3bc9.mp3
Fri, 21 Feb 2025 14:57:37 GMT express:router expressInit  : /audio/f4fec2cc-11eb-4656-8fb3-a42be0fc3bc9.mp3
Fri, 21 Feb 2025 14:57:37 GMT express:router trim prefix (/audio) from url /audio/f4fec2cc-11eb-4656-8fb3-a42be0fc3bc9.mp3
Fri, 21 Feb 2025 14:57:37 GMT express:router serveStatic /audio : /audio/f4fec2cc-11eb-4656-8fb3-a42be0fc3bc9.mp3
Fri, 21 Feb 2025 14:57:37 GMT express:router dispatching GET /audio/777d57c9-421b-41de-8fdd-9d71a60e5323.mp3
Fri, 21 Feb 2025 14:57:37 GMT express:router query  : /audio/777d57c9-421b-41de-8fdd-9d71a60e5323.mp3
Fri, 21 Feb 2025 14:57:37 GMT express:router expressInit  : /audio/777d57c9-421b-41de-8fdd-9d71a60e5323.mp3
Fri, 21 Feb 2025 14:57:37 GMT express:router trim prefix (/audio) from url /audio/777d57c9-421b-41de-8fdd-9d71a60e5323.mp3
Fri, 21 Feb 2025 14:57:37 GMT express:router serveStatic /audio : /audio/777d57c9-421b-41de-8fdd-9d71a60e5323.mp3
Fri, 21 Feb 2025 14:57:37 GMT express:router dispatching GET /audio/3938da37-e815-4e5a-b5c4-c6f3dc84a7c7.mp3
Fri, 21 Feb 2025 14:57:37 GMT express:router query  : /audio/3938da37-e815-4e5a-b5c4-c6f3dc84a7c7.mp3
Fri, 21 Feb 2025 14:57:37 GMT express:router expressInit  : /audio/3938da37-e815-4e5a-b5c4-c6f3dc84a7c7.mp3
Fri, 21 Feb 2025 14:57:37 GMT express:router trim prefix (/audio) from url /audio/3938da37-e815-4e5a-b5c4-c6f3dc84a7c7.mp3
Fri, 21 Feb 2025 14:57:37 GMT express:router serveStatic /audio : /audio/3938da37-e815-4e5a-b5c4-c6f3dc84a7c7.mp3
Fri, 21 Feb 2025 14:57:37 GMT express:router dispatching GET /audio/f4fec2cc-11eb-4656-8fb3-a42be0fc3bc9.mp3
Fri, 21 Feb 2025 14:57:37 GMT express:router query  : /audio/f4fec2cc-11eb-4656-8fb3-a42be0fc3bc9.mp3
Fri, 21 Feb 2025 14:57:37 GMT express:router expressInit  : /audio/f4fec2cc-11eb-4656-8fb3-a42be0fc3bc9.mp3
Fri, 21 Feb 2025 14:57:37 GMT express:router trim prefix (/audio) from url /audio/f4fec2cc-11eb-4656-8fb3-a42be0fc3bc9.mp3
Fri, 21 Feb 2025 14:57:37 GMT express:router serveStatic /audio : /audio/f4fec2cc-11eb-4656-8fb3-a42be0fc3bc9.mp3
Fri, 21 Feb 2025 14:57:37 GMT express:router dispatching GET /audio/777d57c9-421b-41de-8fdd-9d71a60e5323.mp3
Fri, 21 Feb 2025 14:57:37 GMT express:router query  : /audio/777d57c9-421b-41de-8fdd-9d71a60e5323.mp3
Fri, 21 Feb 2025 14:57:37 GMT express:router expressInit  : /audio/777d57c9-421b-41de-8fdd-9d71a60e5323.mp3
Fri, 21 Feb 2025 14:57:37 GMT express:router trim prefix (/audio) from url /audio/777d57c9-421b-41de-8fdd-9d71a60e5323.mp3
Fri, 21 Feb 2025 14:57:37 GMT express:router serveStatic /audio : /audio/777d57c9-421b-41de-8fdd-9d71a60e5323.mp3
